#-----------------------------------------------------------
# Vivado v2017.4 (64-bit)
# SW Build 2086221 on Fri Dec 15 20:55:39 MST 2017
# IP Build 2085800 on Fri Dec 15 22:25:07 MST 2017
# Start of session at: Thu Dec 15 17:46:31 2022
# Process ID: 21208
# Current directory: C:/Users/pault/Desktop/semI/SSC/Microblaze
# Command line: vivado.exe -gui_launcher_event rodinguilauncherevent12956 C:\Users\pault\Desktop\semI\SSC\Microblaze\Microblaze.xpr
# Log file: C:/Users/pault/Desktop/semI/SSC/Microblaze/vivado.log
# Journal file: C:/Users/pault/Desktop/semI/SSC/Microblaze\vivado.jou
#-----------------------------------------------------------
start_gui
open_project C:/Users/pault/Desktop/semI/SSC/Microblaze/Microblaze.xpr
Scanning sources...
Finished scanning sources
INFO: [IP_Flow 19-234] Refreshing IP repositories
INFO: [IP_Flow 19-1700] Loaded user IP repository 'e:/My Shit/facultate/an3/sem I/SSC/vivado-library-2016.4-1/vivado-library'.
INFO: [IP_Flow 19-2313] Loaded Vivado IP repository 'E:/Xilinx/Vivado/2017.4/data/ip'.
open_project: Time (s): cpu = 00:00:27 ; elapsed = 00:00:17 . Memory (MB): peak = 873.648 ; gain = 194.906
update_compile_order -fileset sources_1
launch_sdk -workspace C:/Users/pault/Desktop/semI/SSC/Microblaze/Microblaze.sdk -hwspec C:/Users/pault/Desktop/semI/SSC/Microblaze/Microblaze.sdk/Microblaze_Block_Design_wrapper.hdf
INFO: [Vivado 12-393] Launching SDK...
INFO: [Vivado 12-417] Running xsdk -workspace C:/Users/pault/Desktop/semI/SSC/Microblaze/Microblaze.sdk -hwspec C:/Users/pault/Desktop/semI/SSC/Microblaze/Microblaze.sdk/Microblaze_Block_Design_wrapper.hdf
INFO: [Vivado 12-3157] SDK launch initiated. Please check console for any further messages.
exit
INFO: [Common 17-206] Exiting Vivado at Thu Dec 15 20:21:10 2022...
