Active-HDL 12.0.118.7745 2021-05-31 13:43:07

Elaboration top modules:
Architecture                  arch_reciever(Reciever)


--------------------------------------------------------------------------------------------
Entity   | Architecture  | Library | Info | Compiler Version          | Compilation Options
--------------------------------------------------------------------------------------------
Reciever | arch_reciever | resurse |      | 12.0.118.7745 (Windows64) | -O3
--------------------------------------------------------------------------------------------

--------------------------------------------------------------------------------------------
VHDL Package             | Library | Info | Compiler Version          | Compilation Options
--------------------------------------------------------------------------------------------
standard                 | std     |      |                           | <unavailable>
TEXTIO                   | std     |      |                           | <unavailable>
std_logic_1164           | ieee    |      |                           | <unavailable>
std_logic_arith          | ieee    |      |                           | <unavailable>
STD_LOGIC_UNSIGNED       | ieee    |      |                           | <unavailable>
NUMERIC_STD              | ieee    |      |                           | <unavailable>
--------------------------------------------------------------------------------------------

--------------------------------------------------------------------------------------------
Library                  | Comment
--------------------------------------------------------------------------------------------
ieee                     | Standard IEEE packages library
resurse                  | None
std                      | Standard VHDL library
--------------------------------------------------------------------------------------------
