#-----------------------------------------------------------
# Vivado v2016.4 (64-bit)
# SW Build 1756540 on Mon Jan 23 19:11:23 MST 2017
# IP Build 1755317 on Mon Jan 23 20:30:07 MST 2017
# Start of session at: Tue Apr 19 16:09:12 2022
# Process ID: 13948
# Current directory: C:/Users/Hp/Desktop/sem II/AC/Projects/mips_single_cycle_v2
# Command line: vivado.exe -gui_launcher_event rodinguilauncherevent16668 C:\Users\Hp\Desktop\sem II\AC\Projects\mips_single_cycle_v2\mips_single_cycle_v2.xpr
# Log file: C:/Users/Hp/Desktop/sem II/AC/Projects/mips_single_cycle_v2/vivado.log
# Journal file: C:/Users/Hp/Desktop/sem II/AC/Projects/mips_single_cycle_v2\vivado.jou
#-----------------------------------------------------------
start_gui
open_project {C:/Users/Hp/Desktop/sem II/AC/Projects/mips_single_cycle_v2/mips_single_cycle_v2.xpr}
INFO: [Project 1-313] Project file moved from 'C:/Users/Hp/Desktop/an II/sem II/AC/Projects/mips_single_cycle_v2' since last save.
Scanning sources...
Finished scanning sources
INFO: [IP_Flow 19-234] Refreshing IP repositories
INFO: [IP_Flow 19-1704] No user IP repositories specified
INFO: [IP_Flow 19-2313] Loaded Vivado IP repository 'C:/Xilinx/Vivado/2016.4/data/ip'.
open_project: Time (s): cpu = 00:00:10 ; elapsed = 00:00:07 . Memory (MB): peak = 814.863 ; gain = 152.012
close [ open {C:/Users/Hp/Desktop/sem II/AC/Projects/mips_single_cycle_v2/mips_single_cycle_v2.srcs/sources_1/new/WriteBack.vhd} w ]
add_files {{C:/Users/Hp/Desktop/sem II/AC/Projects/mips_single_cycle_v2/mips_single_cycle_v2.srcs/sources_1/new/WriteBack.vhd}}
exit
