
*** Running vivado
    with args -log test_env.vds -m64 -product Vivado -mode batch -messageDb vivado.pb -notrace -source test_env.tcl


****** Vivado v2016.4 (64-bit)
  **** SW Build 1756540 on Mon Jan 23 19:11:23 MST 2017
  **** IP Build 1755317 on Mon Jan 23 20:30:07 MST 2017
    ** Copyright 1986-2016 Xilinx, Inc. All Rights Reserved.

source test_env.tcl -notrace
Command: synth_design -top test_env -part xc7a35tcpg236-1
Starting synth_design
Attempting to get a license for feature 'Synthesis' and/or device 'xc7a35t'
INFO: [Common 17-349] Got license for feature 'Synthesis' and/or device 'xc7a35t'
INFO: Launching helper process for spawning children vivado processes
INFO: Helper process launched with PID 10156 
---------------------------------------------------------------------------------
Starting RTL Elaboration : Time (s): cpu = 00:00:08 ; elapsed = 00:00:13 . Memory (MB): peak = 322.668 ; gain = 112.957
---------------------------------------------------------------------------------
INFO: [Synth 8-638] synthesizing module 'test_env' [C:/Users/Hp/Desktop/an II/sem II/AC/Projects/mips_single_cycle_v2/mips_single_cycle_v2.srcs/sources_1/new/test_env.vhd:43]
INFO: [Synth 8-638] synthesizing module 'MonoPulse' [C:/Users/Hp/Desktop/an II/sem II/AC/Projects/mips_single_cycle_v2/mips_single_cycle_v2.srcs/sources_1/new/MonoPulse.vhd:39]
INFO: [Synth 8-256] done synthesizing module 'MonoPulse' (1#1) [C:/Users/Hp/Desktop/an II/sem II/AC/Projects/mips_single_cycle_v2/mips_single_cycle_v2.srcs/sources_1/new/MonoPulse.vhd:39]
INFO: [Synth 8-638] synthesizing module 'InstuctionFetch' [C:/Users/Hp/Desktop/an II/sem II/AC/Projects/mips_single_cycle_v2/mips_single_cycle_v2.srcs/sources_1/new/InstuctionFetch.vhd:50]
WARNING: [Synth 8-614] signal 'mux' is read in the process but is not in the sensitivity list [C:/Users/Hp/Desktop/an II/sem II/AC/Projects/mips_single_cycle_v2/mips_single_cycle_v2.srcs/sources_1/new/InstuctionFetch.vhd:83]
WARNING: [Synth 8-614] signal 'instruction_addr' is read in the process but is not in the sensitivity list [C:/Users/Hp/Desktop/an II/sem II/AC/Projects/mips_single_cycle_v2/mips_single_cycle_v2.srcs/sources_1/new/InstuctionFetch.vhd:83]
WARNING: [Synth 8-614] signal 'branch_addr' is read in the process but is not in the sensitivity list [C:/Users/Hp/Desktop/an II/sem II/AC/Projects/mips_single_cycle_v2/mips_single_cycle_v2.srcs/sources_1/new/InstuctionFetch.vhd:83]
WARNING: [Synth 8-614] signal 'jump_addr' is read in the process but is not in the sensitivity list [C:/Users/Hp/Desktop/an II/sem II/AC/Projects/mips_single_cycle_v2/mips_single_cycle_v2.srcs/sources_1/new/InstuctionFetch.vhd:83]
INFO: [Synth 8-256] done synthesizing module 'InstuctionFetch' (2#1) [C:/Users/Hp/Desktop/an II/sem II/AC/Projects/mips_single_cycle_v2/mips_single_cycle_v2.srcs/sources_1/new/InstuctionFetch.vhd:50]
INFO: [Synth 8-638] synthesizing module 'ControlUnit' [C:/Users/Hp/Desktop/an II/sem II/AC/Projects/mips_single_cycle_v2/mips_single_cycle_v2.srcs/sources_1/new/ControlUnit.vhd:45]
INFO: [Synth 8-256] done synthesizing module 'ControlUnit' (3#1) [C:/Users/Hp/Desktop/an II/sem II/AC/Projects/mips_single_cycle_v2/mips_single_cycle_v2.srcs/sources_1/new/ControlUnit.vhd:45]
INFO: [Synth 8-638] synthesizing module 'InstructionDecode' [C:/Users/Hp/Desktop/an II/sem II/AC/Projects/mips_single_cycle_v2/mips_single_cycle_v2.srcs/sources_1/new/InstructionDecode.vhd:50]
WARNING: [Synth 8-614] signal 'reg_dst' is read in the process but is not in the sensitivity list [C:/Users/Hp/Desktop/an II/sem II/AC/Projects/mips_single_cycle_v2/mips_single_cycle_v2.srcs/sources_1/new/InstructionDecode.vhd:66]
INFO: [Synth 8-256] done synthesizing module 'InstructionDecode' (4#1) [C:/Users/Hp/Desktop/an II/sem II/AC/Projects/mips_single_cycle_v2/mips_single_cycle_v2.srcs/sources_1/new/InstructionDecode.vhd:50]
INFO: [Synth 8-638] synthesizing module 'ExecutionUnit' [C:/Users/Hp/Desktop/an II/sem II/AC/Projects/mips_single_cycle_v2/mips_single_cycle_v2.srcs/sources_1/new/ExecutionUnit.vhd:47]
WARNING: [Synth 8-614] signal 'a' is read in the process but is not in the sensitivity list [C:/Users/Hp/Desktop/an II/sem II/AC/Projects/mips_single_cycle_v2/mips_single_cycle_v2.srcs/sources_1/new/ExecutionUnit.vhd:55]
WARNING: [Synth 8-614] signal 'b' is read in the process but is not in the sensitivity list [C:/Users/Hp/Desktop/an II/sem II/AC/Projects/mips_single_cycle_v2/mips_single_cycle_v2.srcs/sources_1/new/ExecutionUnit.vhd:55]
WARNING: [Synth 8-614] signal 'temp' is read in the process but is not in the sensitivity list [C:/Users/Hp/Desktop/an II/sem II/AC/Projects/mips_single_cycle_v2/mips_single_cycle_v2.srcs/sources_1/new/ExecutionUnit.vhd:55]
INFO: [Synth 8-256] done synthesizing module 'ExecutionUnit' (5#1) [C:/Users/Hp/Desktop/an II/sem II/AC/Projects/mips_single_cycle_v2/mips_single_cycle_v2.srcs/sources_1/new/ExecutionUnit.vhd:47]
INFO: [Synth 8-638] synthesizing module 'DataMemory' [C:/Users/Hp/Desktop/an II/sem II/AC/Projects/mips_single_cycle_v2/mips_single_cycle_v2.srcs/sources_1/new/DataMemory.vhd:46]
INFO: [Synth 8-256] done synthesizing module 'DataMemory' (6#1) [C:/Users/Hp/Desktop/an II/sem II/AC/Projects/mips_single_cycle_v2/mips_single_cycle_v2.srcs/sources_1/new/DataMemory.vhd:46]
INFO: [Synth 8-638] synthesizing module 'Display' [C:/Users/Hp/Desktop/an II/sem II/AC/Projects/mips_single_cycle_v2/mips_single_cycle_v2.srcs/sources_1/new/Display.vhd:36]
INFO: [Synth 8-226] default block is never used [C:/Users/Hp/Desktop/an II/sem II/AC/Projects/mips_single_cycle_v2/mips_single_cycle_v2.srcs/sources_1/new/Display.vhd:77]
INFO: [Synth 8-256] done synthesizing module 'Display' (7#1) [C:/Users/Hp/Desktop/an II/sem II/AC/Projects/mips_single_cycle_v2/mips_single_cycle_v2.srcs/sources_1/new/Display.vhd:36]
INFO: [Synth 8-256] done synthesizing module 'test_env' (8#1) [C:/Users/Hp/Desktop/an II/sem II/AC/Projects/mips_single_cycle_v2/mips_single_cycle_v2.srcs/sources_1/new/test_env.vhd:43]
WARNING: [Synth 8-3331] design DataMemory has unconnected port enable
WARNING: [Synth 8-3331] design InstructionDecode has unconnected port instruction[15]
WARNING: [Synth 8-3331] design InstructionDecode has unconnected port instruction[14]
WARNING: [Synth 8-3331] design InstructionDecode has unconnected port instruction[13]
WARNING: [Synth 8-3331] design test_env has unconnected port led[15]
WARNING: [Synth 8-3331] design test_env has unconnected port led[14]
WARNING: [Synth 8-3331] design test_env has unconnected port led[13]
WARNING: [Synth 8-3331] design test_env has unconnected port led[12]
WARNING: [Synth 8-3331] design test_env has unconnected port led[11]
WARNING: [Synth 8-3331] design test_env has unconnected port led[10]
WARNING: [Synth 8-3331] design test_env has unconnected port led[9]
WARNING: [Synth 8-3331] design test_env has unconnected port led[8]
WARNING: [Synth 8-3331] design test_env has unconnected port led[7]
WARNING: [Synth 8-3331] design test_env has unconnected port btn[4]
WARNING: [Synth 8-3331] design test_env has unconnected port btn[3]
WARNING: [Synth 8-3331] design test_env has unconnected port btn[2]
WARNING: [Synth 8-3331] design test_env has unconnected port sw[15]
WARNING: [Synth 8-3331] design test_env has unconnected port sw[14]
WARNING: [Synth 8-3331] design test_env has unconnected port sw[13]
WARNING: [Synth 8-3331] design test_env has unconnected port sw[12]
WARNING: [Synth 8-3331] design test_env has unconnected port sw[11]
WARNING: [Synth 8-3331] design test_env has unconnected port sw[10]
WARNING: [Synth 8-3331] design test_env has unconnected port sw[9]
WARNING: [Synth 8-3331] design test_env has unconnected port sw[8]
WARNING: [Synth 8-3331] design test_env has unconnected port sw[7]
WARNING: [Synth 8-3331] design test_env has unconnected port sw[6]
WARNING: [Synth 8-3331] design test_env has unconnected port sw[5]
WARNING: [Synth 8-3331] design test_env has unconnected port sw[4]
WARNING: [Synth 8-3331] design test_env has unconnected port sw[3]
WARNING: [Synth 8-3331] design test_env has unconnected port sw[2]
WARNING: [Synth 8-3331] design test_env has unconnected port sw[1]
WARNING: [Synth 8-3331] design test_env has unconnected port sw[0]
---------------------------------------------------------------------------------
Finished RTL Elaboration : Time (s): cpu = 00:00:10 ; elapsed = 00:00:15 . Memory (MB): peak = 360.074 ; gain = 150.363
---------------------------------------------------------------------------------

Report Check Netlist: 
+------+------------------+-------+---------+-------+------------------+
|      |Item              |Errors |Warnings |Status |Description       |
+------+------------------+-------+---------+-------+------------------+
|1     |multi_driven_nets |      0|        0|Passed |Multi driven nets |
+------+------------------+-------+---------+-------+------------------+
---------------------------------------------------------------------------------
Finished RTL Optimization Phase 1 : Time (s): cpu = 00:00:10 ; elapsed = 00:00:15 . Memory (MB): peak = 360.074 ; gain = 150.363
---------------------------------------------------------------------------------
INFO: [Device 21-403] Loading part xc7a35tcpg236-1
INFO: [Project 1-570] Preparing netlist for logic optimization

Processing XDC Constraints
Initializing timing engine
Parsing XDC File [C:/Users/Hp/Desktop/an II/sem II/AC/Baysis 3 - Master.xdc]
Finished Parsing XDC File [C:/Users/Hp/Desktop/an II/sem II/AC/Baysis 3 - Master.xdc]
INFO: [Project 1-236] Implementation specific constraints were found while reading constraint file [C:/Users/Hp/Desktop/an II/sem II/AC/Baysis 3 - Master.xdc]. These constraints will be ignored for synthesis but will be used in implementation. Impacted constraints are listed in the file [.Xil/test_env_propImpl.xdc].
Resolution: To avoid this warning, move constraints listed in [.Xil/test_env_propImpl.xdc] to another XDC file and exclude this new file from synthesis with the used_in_synthesis property (File Properties dialog in GUI) and re-run elaboration/synthesis.
Completed Processing XDC Constraints

INFO: [Project 1-111] Unisim Transformation Summary:
No Unisim elements were transformed.

Constraint Validation Runtime : Time (s): cpu = 00:00:00 ; elapsed = 00:00:00.003 . Memory (MB): peak = 652.191 ; gain = 0.000
---------------------------------------------------------------------------------
Finished Constraint Validation : Time (s): cpu = 00:00:20 ; elapsed = 00:00:26 . Memory (MB): peak = 652.191 ; gain = 442.480
---------------------------------------------------------------------------------
---------------------------------------------------------------------------------
Start Loading Part and Timing Information
---------------------------------------------------------------------------------
Loading part: xc7a35tcpg236-1
---------------------------------------------------------------------------------
Finished Loading Part and Timing Information : Time (s): cpu = 00:00:20 ; elapsed = 00:00:26 . Memory (MB): peak = 652.191 ; gain = 442.480
---------------------------------------------------------------------------------
---------------------------------------------------------------------------------
Start Applying 'set_property' XDC Constraints
---------------------------------------------------------------------------------
---------------------------------------------------------------------------------
Finished applying 'set_property' XDC Constraints : Time (s): cpu = 00:00:20 ; elapsed = 00:00:26 . Memory (MB): peak = 652.191 ; gain = 442.480
---------------------------------------------------------------------------------
INFO: [Synth 8-5544] ROM "register_file_reg[0]" won't be mapped to Block RAM because address size (3) smaller than threshold (5)
INFO: [Synth 8-5544] ROM "register_file_reg[1]" won't be mapped to Block RAM because address size (3) smaller than threshold (5)
INFO: [Synth 8-5544] ROM "register_file_reg[2]" won't be mapped to Block RAM because address size (3) smaller than threshold (5)
INFO: [Synth 8-5544] ROM "register_file_reg[3]" won't be mapped to Block RAM because address size (3) smaller than threshold (5)
INFO: [Synth 8-5544] ROM "register_file_reg[4]" won't be mapped to Block RAM because address size (3) smaller than threshold (5)
INFO: [Synth 8-5544] ROM "register_file_reg[5]" won't be mapped to Block RAM because address size (3) smaller than threshold (5)
INFO: [Synth 8-5544] ROM "register_file_reg[6]" won't be mapped to Block RAM because address size (3) smaller than threshold (5)
INFO: [Synth 8-5544] ROM "register_file_reg[7]" won't be mapped to Block RAM because address size (3) smaller than threshold (5)
WARNING: [Synth 8-3936] Found unconnected internal register 'temp_reg' and it is trimmed from '32' to '16' bits. [C:/Users/Hp/Desktop/an II/sem II/AC/Projects/mips_single_cycle_v2/mips_single_cycle_v2.srcs/sources_1/new/ExecutionUnit.vhd:73]
WARNING: [Synth 8-327] inferring latch for variable 'alu_res_reg' [C:/Users/Hp/Desktop/an II/sem II/AC/Projects/mips_single_cycle_v2/mips_single_cycle_v2.srcs/sources_1/new/ExecutionUnit.vhd:68]
WARNING: [Synth 8-327] inferring latch for variable 'temp_reg' [C:/Users/Hp/Desktop/an II/sem II/AC/Projects/mips_single_cycle_v2/mips_single_cycle_v2.srcs/sources_1/new/ExecutionUnit.vhd:73]
---------------------------------------------------------------------------------
Finished RTL Optimization Phase 2 : Time (s): cpu = 00:00:20 ; elapsed = 00:00:27 . Memory (MB): peak = 652.191 ; gain = 442.480
---------------------------------------------------------------------------------

Report RTL Partitions: 
+-+--------------+------------+----------+
| |RTL Partition |Replication |Instances |
+-+--------------+------------+----------+
+-+--------------+------------+----------+
---------------------------------------------------------------------------------
Start RTL Component Statistics 
---------------------------------------------------------------------------------
Detailed RTL Component Info : 
+---Adders : 
	   2 Input     16 Bit       Adders := 2     
	   3 Input     16 Bit       Adders := 1     
+---XORs : 
	   2 Input     16 Bit         XORs := 1     
+---Registers : 
	               16 Bit    Registers := 13    
	                7 Bit    Registers := 1     
	                4 Bit    Registers := 2     
	                1 Bit    Registers := 6     
+---RAMs : 
	               4K Bit         RAMs := 1     
+---Muxes : 
	   3 Input     16 Bit        Muxes := 1     
	   2 Input     16 Bit        Muxes := 2     
	   4 Input      4 Bit        Muxes := 2     
	   2 Input      3 Bit        Muxes := 1     
	   8 Input      1 Bit        Muxes := 6     
	   2 Input      1 Bit        Muxes := 8     
	  16 Input      1 Bit        Muxes := 2     
---------------------------------------------------------------------------------
Finished RTL Component Statistics 
---------------------------------------------------------------------------------
---------------------------------------------------------------------------------
Start RTL Hierarchical Component Statistics 
---------------------------------------------------------------------------------
Hierarchical RTL Component report 
Module MonoPulse 
Detailed RTL Component Info : 
+---Registers : 
	                1 Bit    Registers := 3     
Module InstuctionFetch 
Detailed RTL Component Info : 
+---Adders : 
	   2 Input     16 Bit       Adders := 1     
+---Registers : 
	               16 Bit    Registers := 2     
+---Muxes : 
	   3 Input     16 Bit        Muxes := 1     
Module ControlUnit 
Detailed RTL Component Info : 
+---Muxes : 
	   8 Input      1 Bit        Muxes := 6     
Module InstructionDecode 
Detailed RTL Component Info : 
+---Registers : 
	               16 Bit    Registers := 10    
+---Muxes : 
	   2 Input      3 Bit        Muxes := 1     
	   2 Input      1 Bit        Muxes := 8     
Module ExecutionUnit 
Detailed RTL Component Info : 
+---Adders : 
	   2 Input     16 Bit       Adders := 1     
	   3 Input     16 Bit       Adders := 1     
+---XORs : 
	   2 Input     16 Bit         XORs := 1     
+---Muxes : 
	   2 Input     16 Bit        Muxes := 1     
	  16 Input      1 Bit        Muxes := 2     
Module DataMemory 
Detailed RTL Component Info : 
+---Registers : 
	               16 Bit    Registers := 1     
+---RAMs : 
	               4K Bit         RAMs := 1     
+---Muxes : 
	   2 Input     16 Bit        Muxes := 1     
Module Display 
Detailed RTL Component Info : 
+---Registers : 
	                7 Bit    Registers := 1     
	                4 Bit    Registers := 2     
+---Muxes : 
	   4 Input      4 Bit        Muxes := 2     
---------------------------------------------------------------------------------
Finished RTL Hierarchical Component Statistics
---------------------------------------------------------------------------------
---------------------------------------------------------------------------------
Start Part Resource Summary
---------------------------------------------------------------------------------
Part Resources:
DSPs: 90 (col length:60)
BRAMs: 100 (col length: RAMB18 60 RAMB36 30)
---------------------------------------------------------------------------------
Finished Part Resource Summary
---------------------------------------------------------------------------------
---------------------------------------------------------------------------------
Start Cross Boundary and Area Optimization
---------------------------------------------------------------------------------
DSP Report: Generating DSP EX1/temp0, operation Mode is: A2*B.
DSP Report: register ID1/read_data1_reg is absorbed into DSP EX1/temp0.
DSP Report: operator EX1/temp0 is absorbed into DSP EX1/temp0.
WARNING: [Synth 8-3917] design test_env has port led[6] driven by constant 0
WARNING: [Synth 8-3331] design test_env has unconnected port led[15]
WARNING: [Synth 8-3331] design test_env has unconnected port led[14]
WARNING: [Synth 8-3331] design test_env has unconnected port led[13]
WARNING: [Synth 8-3331] design test_env has unconnected port led[12]
WARNING: [Synth 8-3331] design test_env has unconnected port led[11]
WARNING: [Synth 8-3331] design test_env has unconnected port led[10]
WARNING: [Synth 8-3331] design test_env has unconnected port led[9]
WARNING: [Synth 8-3331] design test_env has unconnected port led[8]
WARNING: [Synth 8-3331] design test_env has unconnected port led[7]
WARNING: [Synth 8-3331] design test_env has unconnected port btn[4]
WARNING: [Synth 8-3331] design test_env has unconnected port btn[3]
WARNING: [Synth 8-3331] design test_env has unconnected port btn[2]
WARNING: [Synth 8-3331] design test_env has unconnected port sw[15]
WARNING: [Synth 8-3331] design test_env has unconnected port sw[14]
WARNING: [Synth 8-3331] design test_env has unconnected port sw[13]
WARNING: [Synth 8-3331] design test_env has unconnected port sw[12]
WARNING: [Synth 8-3331] design test_env has unconnected port sw[11]
WARNING: [Synth 8-3331] design test_env has unconnected port sw[10]
WARNING: [Synth 8-3331] design test_env has unconnected port sw[9]
WARNING: [Synth 8-3331] design test_env has unconnected port sw[8]
WARNING: [Synth 8-3331] design test_env has unconnected port sw[7]
WARNING: [Synth 8-3331] design test_env has unconnected port sw[6]
WARNING: [Synth 8-3331] design test_env has unconnected port sw[5]
WARNING: [Synth 8-3331] design test_env has unconnected port sw[4]
WARNING: [Synth 8-3331] design test_env has unconnected port sw[3]
WARNING: [Synth 8-3331] design test_env has unconnected port sw[2]
WARNING: [Synth 8-3331] design test_env has unconnected port sw[1]
WARNING: [Synth 8-3331] design test_env has unconnected port sw[0]
INFO: [Synth 8-3886] merging instance 'IF1/instruction_reg[8]' (FDRE) to 'IF1/instruction_reg[5]'
INFO: [Synth 8-3886] merging instance 'IF1/instruction_reg[3]' (FDRE) to 'IF1/instruction_reg[15]'
WARNING: [Synth 8-3332] Sequential element (MPG1/count_reg[16]) is unused and will be removed from module test_env.
WARNING: [Synth 8-3332] Sequential element (MPG1/count_reg[17]) is unused and will be removed from module test_env.
WARNING: [Synth 8-3332] Sequential element (MPG1/count_reg[18]) is unused and will be removed from module test_env.
WARNING: [Synth 8-3332] Sequential element (MPG1/count_reg[19]) is unused and will be removed from module test_env.
WARNING: [Synth 8-3332] Sequential element (MPG1/count_reg[20]) is unused and will be removed from module test_env.
WARNING: [Synth 8-3332] Sequential element (MPG1/count_reg[21]) is unused and will be removed from module test_env.
WARNING: [Synth 8-3332] Sequential element (MPG1/count_reg[22]) is unused and will be removed from module test_env.
WARNING: [Synth 8-3332] Sequential element (MPG1/count_reg[23]) is unused and will be removed from module test_env.
WARNING: [Synth 8-3332] Sequential element (MPG1/count_reg[24]) is unused and will be removed from module test_env.
WARNING: [Synth 8-3332] Sequential element (MPG1/count_reg[25]) is unused and will be removed from module test_env.
WARNING: [Synth 8-3332] Sequential element (MPG1/count_reg[26]) is unused and will be removed from module test_env.
WARNING: [Synth 8-3332] Sequential element (MPG1/count_reg[27]) is unused and will be removed from module test_env.
WARNING: [Synth 8-3332] Sequential element (MPG1/count_reg[28]) is unused and will be removed from module test_env.
WARNING: [Synth 8-3332] Sequential element (MPG1/count_reg[29]) is unused and will be removed from module test_env.
WARNING: [Synth 8-3332] Sequential element (MPG1/count_reg[30]) is unused and will be removed from module test_env.
WARNING: [Synth 8-3332] Sequential element (MPG1/count_reg[31]) is unused and will be removed from module test_env.
WARNING: [Synth 8-3332] Sequential element (IF1/pc_reg[15]) is unused and will be removed from module test_env.
WARNING: [Synth 8-3332] Sequential element (IF1/pc_reg[14]) is unused and will be removed from module test_env.
WARNING: [Synth 8-3332] Sequential element (IF1/pc_reg[13]) is unused and will be removed from module test_env.
WARNING: [Synth 8-3332] Sequential element (IF1/pc_reg[12]) is unused and will be removed from module test_env.
WARNING: [Synth 8-3332] Sequential element (IF1/pc_reg[11]) is unused and will be removed from module test_env.
WARNING: [Synth 8-3332] Sequential element (IF1/pc_reg[10]) is unused and will be removed from module test_env.
WARNING: [Synth 8-3332] Sequential element (IF1/pc_reg[9]) is unused and will be removed from module test_env.
WARNING: [Synth 8-3332] Sequential element (IF1/pc_reg[8]) is unused and will be removed from module test_env.
WARNING: [Synth 8-3332] Sequential element (IF1/pc_reg[7]) is unused and will be removed from module test_env.
WARNING: [Synth 8-3332] Sequential element (IF1/pc_reg[6]) is unused and will be removed from module test_env.
WARNING: [Synth 8-3332] Sequential element (IF1/pc_reg[5]) is unused and will be removed from module test_env.
WARNING: [Synth 8-3332] Sequential element (IF1/pc_reg[4]) is unused and will be removed from module test_env.
WARNING: [Synth 8-3332] Sequential element (IF1/instruction_reg[6]) is unused and will be removed from module test_env.
---------------------------------------------------------------------------------
Finished Cross Boundary and Area Optimization : Time (s): cpu = 00:00:22 ; elapsed = 00:00:29 . Memory (MB): peak = 652.191 ; gain = 442.480
---------------------------------------------------------------------------------
---------------------------------------------------------------------------------
Start ROM, RAM, DSP and Shift Register Reporting
---------------------------------------------------------------------------------

Distributed RAM: Preliminary Mapping  Report (see note below)
+------------+--------------------------+-----------+----------------------+------------------+
|Module Name | RTL Object               | Inference | Size (Depth x Width) | Primitives       | 
+------------+--------------------------+-----------+----------------------+------------------+
|test_env    | DMandWB1/data_memory_reg | Implied   | 256 x 16             | RAM256X1S x 16   | 
+------------+--------------------------+-----------+----------------------+------------------+

Note: The table above is a preliminary report that shows the Distributed RAMs at the current stage of the synthesis flow. Some Distributed RAMs may be reimplemented as non Distributed RAM primitives later in the synthesis flow. Multiple instantiated RAMs are reported only once.

DSP: Preliminary Mapping  Report (see note below)
+------------+-------------+--------+--------+--------+--------+--------+------+------+------+------+-------+------+------+
|Module Name | DSP Mapping | A Size | B Size | C Size | D Size | P Size | AREG | BREG | CREG | DREG | ADREG | MREG | PREG | 
+------------+-------------+--------+--------+--------+--------+--------+------+------+------+------+-------+------+------+
|test_env    | A2*B        | 16     | 16     | -      | -      | 32     | 1    | 0    | -    | -    | -     | 0    | 0    | 
+------------+-------------+--------+--------+--------+--------+--------+------+------+------+------+-------+------+------+

Note: The table above is a preliminary report that shows the DSPs inferred at the current stage of the synthesis flow. Some DSP may be reimplemented as non DSP primitives later in the synthesis flow. Multiple instantiated DSPs are reported only once.
---------------------------------------------------------------------------------
Finished ROM, RAM, DSP and Shift Register Reporting
---------------------------------------------------------------------------------

Report RTL Partitions: 
+-+--------------+------------+----------+
| |RTL Partition |Replication |Instances |
+-+--------------+------------+----------+
+-+--------------+------------+----------+
---------------------------------------------------------------------------------
Start Timing Optimization
---------------------------------------------------------------------------------
---------------------------------------------------------------------------------
Start Applying XDC Timing Constraints
---------------------------------------------------------------------------------
---------------------------------------------------------------------------------
Finished Applying XDC Timing Constraints : Time (s): cpu = 00:00:39 ; elapsed = 00:00:46 . Memory (MB): peak = 655.133 ; gain = 445.422
---------------------------------------------------------------------------------
---------------------------------------------------------------------------------
Finished Timing Optimization : Time (s): cpu = 00:00:39 ; elapsed = 00:00:46 . Memory (MB): peak = 655.133 ; gain = 445.422
---------------------------------------------------------------------------------

Report RTL Partitions: 
+-+--------------+------------+----------+
| |RTL Partition |Replication |Instances |
+-+--------------+------------+----------+
+-+--------------+------------+----------+
---------------------------------------------------------------------------------
Start Technology Mapping
---------------------------------------------------------------------------------
---------------------------------------------------------------------------------
Finished Technology Mapping : Time (s): cpu = 00:00:39 ; elapsed = 00:00:46 . Memory (MB): peak = 675.473 ; gain = 465.762
---------------------------------------------------------------------------------

Report RTL Partitions: 
+-+--------------+------------+----------+
| |RTL Partition |Replication |Instances |
+-+--------------+------------+----------+
+-+--------------+------------+----------+
---------------------------------------------------------------------------------
Start IO Insertion
---------------------------------------------------------------------------------
---------------------------------------------------------------------------------
Start Flattening Before IO Insertion
---------------------------------------------------------------------------------
---------------------------------------------------------------------------------
Finished Flattening Before IO Insertion
---------------------------------------------------------------------------------
---------------------------------------------------------------------------------
Start Final Netlist Cleanup
---------------------------------------------------------------------------------
---------------------------------------------------------------------------------
Finished Final Netlist Cleanup
---------------------------------------------------------------------------------
---------------------------------------------------------------------------------
Finished IO Insertion : Time (s): cpu = 00:00:40 ; elapsed = 00:00:47 . Memory (MB): peak = 675.473 ; gain = 465.762
---------------------------------------------------------------------------------

Report Check Netlist: 
+------+------------------+-------+---------+-------+------------------+
|      |Item              |Errors |Warnings |Status |Description       |
+------+------------------+-------+---------+-------+------------------+
|1     |multi_driven_nets |      0|        0|Passed |Multi driven nets |
+------+------------------+-------+---------+-------+------------------+
---------------------------------------------------------------------------------
Start Renaming Generated Instances
---------------------------------------------------------------------------------
---------------------------------------------------------------------------------
Finished Renaming Generated Instances : Time (s): cpu = 00:00:40 ; elapsed = 00:00:47 . Memory (MB): peak = 675.473 ; gain = 465.762
---------------------------------------------------------------------------------

Report RTL Partitions: 
+-+--------------+------------+----------+
| |RTL Partition |Replication |Instances |
+-+--------------+------------+----------+
+-+--------------+------------+----------+
---------------------------------------------------------------------------------
Start Rebuilding User Hierarchy
---------------------------------------------------------------------------------
---------------------------------------------------------------------------------
Finished Rebuilding User Hierarchy : Time (s): cpu = 00:00:40 ; elapsed = 00:00:47 . Memory (MB): peak = 675.473 ; gain = 465.762
---------------------------------------------------------------------------------
---------------------------------------------------------------------------------
Start Renaming Generated Ports
---------------------------------------------------------------------------------
---------------------------------------------------------------------------------
Finished Renaming Generated Ports : Time (s): cpu = 00:00:40 ; elapsed = 00:00:47 . Memory (MB): peak = 675.473 ; gain = 465.762
---------------------------------------------------------------------------------
---------------------------------------------------------------------------------
Start Handling Custom Attributes
---------------------------------------------------------------------------------
---------------------------------------------------------------------------------
Finished Handling Custom Attributes : Time (s): cpu = 00:00:40 ; elapsed = 00:00:47 . Memory (MB): peak = 675.473 ; gain = 465.762
---------------------------------------------------------------------------------
---------------------------------------------------------------------------------
Start Renaming Generated Nets
---------------------------------------------------------------------------------
---------------------------------------------------------------------------------
Finished Renaming Generated Nets : Time (s): cpu = 00:00:40 ; elapsed = 00:00:47 . Memory (MB): peak = 675.473 ; gain = 465.762
---------------------------------------------------------------------------------
---------------------------------------------------------------------------------
Start Writing Synthesis Report
---------------------------------------------------------------------------------

Report BlackBoxes: 
+-+--------------+----------+
| |BlackBox name |Instances |
+-+--------------+----------+
+-+--------------+----------+

Report Cell Usage: 
+------+----------+------+
|      |Cell      |Count |
+------+----------+------+
|1     |BUFG      |     1|
|2     |CARRY4    |    21|
|3     |DSP48E1   |     1|
|4     |LUT1      |    37|
|5     |LUT2      |    13|
|6     |LUT3      |    17|
|7     |LUT4      |    64|
|8     |LUT5      |    35|
|9     |LUT6      |   139|
|10    |MUXF7     |    48|
|11    |RAM256X1S |    16|
|12    |FDRE      |   241|
|13    |FDSE      |     5|
|14    |LD        |    32|
|15    |IBUF      |     3|
|16    |OBUF      |    18|
|17    |OBUFT     |     9|
+------+----------+------+

Report Instance Areas: 
+------+-----------+------------------+------+
|      |Instance   |Module            |Cells |
+------+-----------+------------------+------+
|1     |top        |                  |   700|
|2     |  DMandWB1 |DataMemory        |    32|
|3     |  EX1      |ExecutionUnit     |    37|
|4     |  ID1      |InstructionDecode |   314|
|5     |  IF1      |InstuctionFetch   |   178|
|6     |  MPG1     |MonoPulse         |    44|
|7     |  MPG2     |MonoPulse_0       |     4|
|8     |  SSD1     |Display           |    60|
+------+-----------+------------------+------+
---------------------------------------------------------------------------------
Finished Writing Synthesis Report : Time (s): cpu = 00:00:40 ; elapsed = 00:00:47 . Memory (MB): peak = 675.473 ; gain = 465.762
---------------------------------------------------------------------------------
Synthesis finished with 0 errors, 0 critical warnings and 61 warnings.
Synthesis Optimization Runtime : Time (s): cpu = 00:00:24 ; elapsed = 00:00:32 . Memory (MB): peak = 675.473 ; gain = 135.449
Synthesis Optimization Complete : Time (s): cpu = 00:00:40 ; elapsed = 00:00:48 . Memory (MB): peak = 675.473 ; gain = 465.762
INFO: [Project 1-571] Translating synthesized netlist
INFO: [Netlist 29-17] Analyzing 73 Unisim elements for replacement
INFO: [Netlist 29-28] Unisim Transformation completed in 0 CPU seconds
INFO: [Project 1-570] Preparing netlist for logic optimization
INFO: [Opt 31-138] Pushed 0 inverter(s) to 0 load pin(s).
INFO: [Project 1-111] Unisim Transformation Summary:
  A total of 48 instances were transformed.
  LD => LDCE: 32 instances
  RAM256X1S => RAM256X1S (MUXF7, MUXF7, MUXF8, RAMS64E, RAMS64E, RAMS64E, RAMS64E): 16 instances

INFO: [Common 17-83] Releasing license: Synthesis
47 Infos, 101 Warnings, 0 Critical Warnings and 0 Errors encountered.
synth_design completed successfully
synth_design: Time (s): cpu = 00:00:38 ; elapsed = 00:00:41 . Memory (MB): peak = 675.473 ; gain = 436.676
INFO: [Common 17-1381] The checkpoint 'C:/Users/Hp/Desktop/an II/sem II/AC/Projects/mips_single_cycle_v2/mips_single_cycle_v2.runs/synth_1/test_env.dcp' has been generated.
report_utilization: Time (s): cpu = 00:00:00 ; elapsed = 00:00:00.024 . Memory (MB): peak = 675.473 ; gain = 0.000
INFO: [Common 17-206] Exiting Vivado at Tue Apr 12 17:45:24 2022...
